[RUN #0 8 100]
-116 206 249 470 -311 -89 761 -438
668 -333 955 -832 -804 336 75 987
945 552 37 -804 512 -122 996 879
-322 -824 -418 -678 -51 -929 -168 -129
79 227 -619 619 273 575 -543 625
612 447 -968 -718 247 762 -758 779
82 5 -213 -83 -235 -443 988 -485
638 523 749 -439 82 88 552 -364
-285 -497 -250 258 -114 675 -445 -650
-117 801 960 -481 -294 -772 -517 828
-7 770 -644 -991 872 457 424 325
263 -386 87 382 806 -170 115 -116
-481 -547 -795 -709 911 -550 60 -374
818 408 -10 838 -531 112 560 836
682 205 -389 -402 290 807 -830 -903
945 595 98 874 -745 -786 849 449
-869 -444 508 -41 101 552 500 -304
-699 -557 372 -641 895 -807 780 904
859 451 608 -460 965 361 770 -69
29 -994 285 -27 -773 138 -412 -70
-578 -353 -337 453 496 745 -711 -66
908 -669 187 -55 931 808 397 -824
-361 -75 -697 -592 539 -614 702 331
897 -848 -29 -683 175 979 -359 -527
471 146 -836 -418 120 -905 -737 -419
276 167 364 -298 532 209 -143 -483
-710 -582 194 267 366 878 446 0
526 -839 -72 737 147 764 282 773
-658 579 136 264 -375 885 -826 -931
469 -207 -272 171 567 97 477 -926
355 321 -948 -884 -93 140 864 -26
458 255 506 -887 -322 674 538 445
641 983 -997 -692 -220 -575 -31 -676
-383 846 -889 813 -381 -335 -36 467
-557 169 -683 201 -750 -567 699 -941
-357 -409 -929 799 657 468 219 -876
847 -952 -962 459 -28 145 -15 630
-253 502 332 198 -639 -659 242 511
-325 163 79 -638 921 -755 824 -332
233 80 165 -6 227 -3 186 732
-894 715 89 506 -647 -433 242 -40
714 -859 -646 -265 365 -411 612 -197
17 -349 -495 -371 586 870 -130 257
416 556 -8 -422 808 -668 -355 -5
-504 917 -54 -104 21 -697 429 861
638 -636 167 -822 621 123 -541 -31
878 -494 -963 -568 376 -147 -606 -512
-863 -691 -357 -535 -107 -381 -182 806
-875 301 357 740 368 264 -943 779
140 -155 137 -295 384 -212 446 -231
755 -687 -686 79 -295 945 -864 -868
-876 -225 402 -59 -128 44 -853 566
-754 -998 973 220 -928 -968 -398 94
448 264 -283 278 -210 -378 784 -565
-37 472 481 -743 -235 10 572 -613
476 -336 -862 -170 -571 280 -731 24
-355 -401 -493 -155 -522 987 487 -508
365 21 528 -219 -132 -533 890 -632
-760 986 -772 47 -15 -581 -680 -787
691 -202 -714 560 102 -353 157 117
-995 -391 -182 497 -884 514 669 -158
-269 -583 -894 50 -279 -521 705 691
-476 443 790 -956 164 252 -36 -129
-245 248 -205 -645 836 815 632 -431
759 -28 353 -443 -857 543 -123 -72
-400 175 393 542 -323 572 -675 611
-381 626 833 67 -441 795 -395 -931
-914 -729 554 827 917 120 511 496
-366 -506 290 -428 616 -761 431 -612
-557 -591 -534 473 -455 640 -941 -566
722 833 40 527 -389 -435 -962 956
272 -253 748 317 -509 -990 -211 -353
-888 -790 -791 597 -108 230 702 1
-400 904 -221 -49 753 834 566 -412
-7 -438 -357 -104 727 880 -897 469
-1 -961 242 -602 703 442 970 -460
-222 -54 850 -253 65 643 16 -151
698 656 759 917 -218 612 -156 688
183 683 -777 -88 -104 -545 452 -555
286 614 213 474 -123 -992 410 -39
-824 854 798 -87 -503 500 436 -420
154 104 -335 9 -239 412 -243 -251
-911 980 -773 247 -113 943 -100 -191
-600 -979 773 930 -824 657 768 -404
521 753 655 -761 -431 -138 204 -639
-649 -77 257 897 -447 -83 392 -105
-777 -315 634 -368 151 -583 -634 -459
-562 469 -866 -131 216 705 -848 187
395 -904 960 -871 -867 182 -889 -639
978 -768 -168 -689 288 -927 -76 521
-999 -880 -921 779 -96 -221 -531 -593
165 -843 624 -509 -637 374 -159 604
392 -985 375 -968 -293 -284 -542 446
-543 904 -242 545 -691 712 922 -588
780 337 -744 -342 -490 -840 -47 -312
-567 798 794 37 463 -122 -267 16
-231 173 -693 -521 -150 159 907 529
-505 428 -212 896 -596 -851 735 127
-556 427 -617 -741 -700 563 -163 -86
-152 879 329 909 -29 -823 -166 -746
[RUN #1 10 100]
-243 398 -349 -414 37 -285 45 560 953 -470
861 230 -824 -99 950 -44 -2 -898 -519 -717
587 656 565 -48 76 -348 -668 -573 -523 -742
956 104 688 -318 -611 752 -112 779 -29 307
212 -117 -536 -857 0 -863 -977 -926 83 482
-509 -775 -668 825 -303 -56 279 888 345 929
-285 355 773 910 975 690 969 -701 387 245
403 -469 -941 -168 889 397 -882 -611 -745 858
167 722 415 -959 -24 187 -180 -876 133 562
-972 -269 -349 24 56 122 -18 398 925 -95
132 -332 491 570 -898 437 -547 560 -266 -451
-859 234 347 -499 -390 -239 -933 486 424 243
-798 537 619 -215 -450 -253 -459 -132 -544 650
694 83 -750 -420 893 -30 55 920 -129 257
936 -68 995 456 -850 190 310 -140 440 720
344 136 -579 -961 -121 -593 -936 513 694 530
-629 -126 -141 -128 -556 875 301 -960 -134 -245
617 13 969 648 -588 900 836 -903 268 798
189 315 -750 -825 -310 732 963 814 -790 -196
63 469 -780 746 -995 -544 -719 568 875 669
55 -238 -245 -276 547 -410 -966 -454 -236 -419
-995 -777 -407 316 -69 3 -647 -97 -123 -916
-584 -612 -79 27 -22 -190 562 605 673 -298
-591 -253 -47 133 594 -345 787 842 -888 645
-639 -104 -518 893 594 -807 -119 -33 730 -808
-355 834 442 -908 -756 554 -37 -937 946 -353
-29 -543 196 -894 405 607 726 -964 17 45
60 71 -889 193 -735 871 -161 679 -602 829
340 544 767 -629 503 -389 -569 -916 592 -715
-220 773 644 828 -528 -975 548 -259 -730 6
-150 375 835 -654 246 911 29 632 -564 483
159 528 393 -112 518 249 904 -878 -14 328
896 272 356 937 -162 -160 -758 26 -281 -577
-883 840 -279 -354 -893 695 774 -296 -2 -595
992 355 -372 776 538 -451 -86 -778 -743 -760
93 -952 151 566 910 -345 757 807 -211 -167
772 464 -109 141 354 249 -178 73 431 20
708 -141 -156 -716 870 757 -429 -677 969 225
137 165 787 -64 -930 -48 -292 612 72 -62
600 474 -159 793 827 530 76 -397 906 -403
662 487 360 182 988 -965 400 -86 -183 -654
-587 -55 -993 761 243 -294 381 -781 244 -239
241 38 698 -738 721 52 -792 429 -600 274
-448 -208 -883 381 385 -535 191 534 -264 163
-781 992 369 317 -760 600 -609 75 -351 -259
-38 -815 521 850 359 -788 768 186 493 556
507 96 223 -569 -679 92 -557 659 -802 -990
-272 -238 -348 -910 715 -575 -901 721 -563 -756
-954 -699 -252 -710 -521 -94 -453 843 -949 -720
852 738 623 291 -343 -740 -528 -551 681 216
689 -320 97 -411 191 -994 624 649 -239 -968
499 53 -58 -33 687 -301 865 -875 -905 432
-239 322 736 933 924 51 -619 -92 -712 265
13 -426 817 480 517 -430 -594 601 195 -177
-852 -429 238 889 159 -718 239 -902 -747 963
-464 207 -965 130 271 481 -833 -906 -682 -794
-150 961 -742 -184 464 709 897 -216 -132 -595
519 -840 -77 955 434 186 124 157 -793 -22
-222 -334 232 358 897 188 512 375 -623 152
507 875 600 -49 63 909 -954 -460 31 475
-633 581 -322 849 892 -951 553 -692 603 -166
-52 -65 -652 -815 660 111 -415 -863 213 -338
-447 -832 -154 315 554 336 -179 -795 742 246
639 41 784 -737 796 862 373 907 -408 -770
-273 142 -798 114 785 -518 303 -794 -775 482
607 816 -32 -113 254 786 -73 -220 90 -212
-836 -93 -140 -260 109 -466 -664 527 -386 624
[RUN #2 10 100]
605 274 -911 804 -322 -511 449 739 -136 334
-485 100 -954 340 647 326 -570 500 385 -710
848 36 418 -476 973 322 -677 86 878 -674
-802 -669 449 734 -48 -719 341 774 823 460
130 984 -212 792 -108 248 -88 -384 -702 377
755 -51 -457 685 -250 -692 144 369 19 -683
-390 673 932 773 217 -289 -119 -769 262 304
194 803 -135 -597 -279 -484 -381 -492 -231 175
655 132 -524 422 -225 606 512 -993 871 495
459 -680 -860 702 -748 -416 -928 83 -311 -665
990 -219 -46 -772 -567 157 -697 -617 429 -242
793 -726 333 -675 -224 999 123 -708 97 -990
673 -392 442 -568 328 -294 -519 -526 385 -210
34 -484 -543 -12 884 172 -542 -814 -431 -724
-920 -244 254 491 716 -205 507 354 140 622
-90 -284 -213 -657 -866 -310 49 -249 -296 -490
-614 -392 -44 70 -106 513 899 -47 -676 -413
259 880 -276 623 893 779 726 131 -94 -126
-308 -782 -58 -479 -758 -613 -504 -190 -706 280
581 522 199 -57 -736 85 543 21 22 -656
-834 691 692 -798 -264 -79 282 367 -221 -83
531 408 -727 -486 707 -574 -914 250 159 -739
993 -369 -269 -509 913 612 564 -925 -461 -887
-877 699 -404 634 487 -234 537 982 -574 378
96 -976 448 492 -66 381 324 713 -343 13
389 -371 -200 302 23 106 669 506 987 -443
-778 -878 783 -70 -823 -735 -616 826 -269 -917
-764 189 -839 -529 -227 202 494 873 233 -75
413 996 -483 -608 245 313 -908 -663 -853 583
769 870 508 528 699 31 -904 -720 96 75
859 -96 366 372 494 -173 -242 -685 -218 728
-296 -802 625 -245 7 922 454 -31 37 434
-501 -40 663 -876 453 -577 985 553 150 516
896 -373 633 368 -199 397 -831 808 -866 -933
-217 -383 577 -362 -736 486 -3 -870 859 28
253 -626 -451 -636 344 -759 -344 -936 -721 -816
581 527 -453 744 -19 77 -128 646 529 -634
-452 586 726 884 691 702 -179 144 -569 -249
-583 856 299 -64 789 -496 -250 843 773 407
-15 -862 -546 765 -386 955 -459 -764 -37 -165
-726 40 278 -535 -887 -812 -822 -878 236 -319
542 -647 -816 372 841 377 316 -353 -482 -254
